TN:
SF:src/app.ts
FN:15,(anonymous_1)
FNF:1
FNH:0
FNDA:0,(anonymous_1)
DA:1,0
DA:2,0
DA:3,0
DA:4,0
DA:6,0
DA:9,0
DA:12,0
DA:15,0
DA:16,0
DA:17,0
DA:24,0
DA:25,0
DA:31,0
LF:13
LH:0
BRDA:16,0,0,0
BRDA:16,0,1,0
BRF:2
BRH:0
end_of_record
TN:
SF:src/api/controllers/PostController.ts
FN:7,(anonymous_0)
FN:11,(anonymous_1)
FN:16,(anonymous_2)
FN:22,(anonymous_3)
FN:27,(anonymous_4)
FN:33,(anonymous_5)
FN:39,(anonymous_6)
FNF:7
FNH:7
FNDA:17,(anonymous_0)
FNDA:2,(anonymous_1)
FNDA:3,(anonymous_2)
FNDA:2,(anonymous_3)
FNDA:3,(anonymous_4)
FNDA:3,(anonymous_5)
FNDA:4,(anonymous_6)
DA:2,1
DA:4,1
DA:8,17
DA:11,17
DA:12,2
DA:13,2
DA:16,17
DA:17,3
DA:18,3
DA:19,2
DA:22,17
DA:23,2
DA:24,1
DA:27,17
DA:28,3
DA:29,3
DA:30,2
DA:33,17
DA:34,3
DA:35,3
DA:36,2
DA:39,17
DA:40,4
DA:41,4
DA:42,3
LF:25
LH:25
BRDA:40,0,0,4
BRDA:40,0,1,1
BRF:2
BRH:2
end_of_record
TN:
SF:src/api/repositories/PostRepository.ts
FN:2,(anonymous_0)
FN:32,(anonymous_1)
FN:36,(anonymous_2)
FN:37,(anonymous_3)
FN:40,(anonymous_4)
FN:42,(anonymous_5)
FN:48,(anonymous_6)
FN:55,(anonymous_7)
FN:56,(anonymous_8)
FN:64,(anonymous_9)
FN:65,(anonymous_10)
FNF:11
FNH:11
FNDA:31,(anonymous_0)
FNDA:8,(anonymous_1)
FNDA:14,(anonymous_2)
FNDA:28,(anonymous_3)
FNDA:8,(anonymous_4)
FNDA:25,(anonymous_5)
FNDA:8,(anonymous_6)
FNDA:8,(anonymous_7)
FNDA:14,(anonymous_8)
FNDA:9,(anonymous_9)
FNDA:19,(anonymous_10)
DA:2,3
DA:5,31
DA:30,31
DA:33,8
DA:37,28
DA:41,8
DA:42,8
DA:43,25
DA:49,8
DA:50,8
DA:51,8
DA:52,8
DA:56,14
DA:57,8
DA:60,7
DA:61,7
DA:65,19
DA:66,9
DA:68,7
DA:69,7
LF:20
LH:20
BRDA:43,0,0,25
BRDA:43,0,1,20
BRDA:57,1,0,1
BRDA:57,1,1,7
BRDA:66,2,0,2
BRDA:66,2,1,7
BRF:6
BRH:6
end_of_record
TN:
SF:src/api/services/PostService.ts
FN:9,(anonymous_0)
FN:13,(anonymous_1)
FN:21,(anonymous_2)
FN:30,(anonymous_3)
FN:38,(anonymous_4)
FN:59,(anonymous_5)
FN:67,(anonymous_6)
FN:77,(anonymous_7)
FN:83,(anonymous_8)
FN:89,(anonymous_9)
FN:95,(anonymous_10)
FN:101,(anonymous_11)
FNF:12
FNH:12
FNDA:34,(anonymous_0)
FNDA:2,(anonymous_1)
FNDA:6,(anonymous_2)
FNDA:8,(anonymous_3)
FNDA:9,(anonymous_4)
FNDA:4,(anonymous_5)
FNDA:5,(anonymous_6)
FNDA:19,(anonymous_7)
FNDA:14,(anonymous_8)
FNDA:6,(anonymous_9)
FNDA:5,(anonymous_10)
FNDA:5,(anonymous_11)
DA:2,2
DA:3,2
DA:5,2
DA:10,34
DA:14,2
DA:15,2
DA:22,6
DA:23,3
DA:24,3
DA:25,2
DA:27,1
DA:31,8
DA:32,5
DA:33,3
DA:35,1
DA:39,9
DA:42,8
DA:43,6
DA:45,7
DA:46,1
DA:48,6
DA:49,2
DA:52,5
DA:53,5
DA:54,2
DA:56,3
DA:60,4
DA:61,3
DA:62,3
DA:63,2
DA:68,5
DA:69,2
DA:70,2
DA:78,19
DA:79,5
DA:84,14
DA:85,4
DA:90,6
DA:91,3
DA:96,5
DA:97,3
DA:102,5
DA:103,3
LF:43
LH:43
BRDA:9,0,0,0
BRDA:24,1,0,2
BRDA:24,1,1,1
BRDA:42,2,0,6
BRDA:42,2,1,2
BRDA:45,3,0,1
BRDA:45,3,1,6
BRDA:48,4,0,2
BRDA:48,4,1,4
BRDA:53,5,0,2
BRDA:53,5,1,3
BRDA:62,6,0,2
BRDA:62,6,1,1
BRDA:78,7,0,5
BRDA:78,7,1,14
BRDA:78,8,0,19
BRDA:78,8,1,18
BRDA:84,9,0,4
BRDA:84,9,1,10
BRDA:84,10,0,14
BRDA:84,10,1,13
BRDA:90,11,0,3
BRDA:90,11,1,3
BRDA:90,12,0,6
BRDA:90,12,1,5
BRDA:96,13,0,3
BRDA:96,13,1,2
BRDA:96,14,0,5
BRDA:96,14,1,4
BRDA:102,15,0,3
BRDA:102,15,1,2
BRDA:102,16,0,5
BRDA:102,16,1,4
BRF:33
BRH:32
end_of_record
TN:
SF:src/routes/PostRoutes.ts
FNF:0
FNH:0
DA:1,0
DA:2,0
DA:4,0
DA:5,0
DA:7,0
DA:8,0
DA:9,0
DA:10,0
DA:11,0
DA:12,0
DA:14,0
LF:11
LH:0
BRF:0
BRH:0
end_of_record
TN:
SF:src/utils/AppError.ts
FN:4,(anonymous_0)
FNF:1
FNH:1
FNDA:48,(anonymous_0)
DA:1,4
DA:5,48
DA:6,48
DA:7,48
DA:10,48
LF:5
LH:5
BRDA:4,0,0,1
BRF:1
BRH:1
end_of_record
